<?xml version="1.0" encoding="UTF-8"?>
<!-- Generated by org.testng.reporters.JUnitReportReporter -->
<testsuite skipped="0" hostname="DESKTOP-I50CL1O" name="com.sample.TestNgData" tests="1" failures="0" timestamp="17 Dec 2020 12:26:41 GMT" time="121.333" errors="0">
  <testcase name="loginPage" time="121.333" classname="com.sample.TestNgData"/>
</testsuite> <!-- com.sample.TestNgData -->
